<?xml version="1.0" encoding="UTF-8"?>
<testng-results ignored="0" total="1" passed="1" failed="0" skipped="0">
  <reporter-output>
  </reporter-output>
  <suite started-at="2024-11-12T22:40:31 IST" name="Suite" finished-at="2024-11-12T22:40:55 IST" duration-ms="23819">
    <groups>
    </groups>
    <test started-at="2024-11-12T22:40:31 IST" name="Test" finished-at="2024-11-12T22:40:55 IST" duration-ms="23819">
      <class name="TestCases.AmazonTestCases">
        <test-method is-config="true" signature="initialization(java.lang.String)[pri:0, instance:TestCases.AmazonTestCases@7674f035]" started-at="2024-11-12T22:40:31 IST" name="initialization" finished-at="2024-11-12T22:40:38 IST" duration-ms="6627" status="PASS">
          <params>
            <param index="0">
              <value>
                <![CDATA[Chrome]]>
              </value>
            </param>
          </params>
          <reporter-output>
          </reporter-output>
        </test-method> <!-- initialization -->
        <test-method signature="tc02()[pri:0, instance:TestCases.AmazonTestCases@7674f035]" started-at="2024-11-12T22:40:38 IST" name="tc02" finished-at="2024-11-12T22:40:55 IST" duration-ms="17101" status="PASS">
          <reporter-output>
          </reporter-output>
        </test-method> <!-- tc02 -->
      </class> <!-- TestCases.AmazonTestCases -->
    </test> <!-- Test -->
  </suite> <!-- Suite -->
</testng-results>
